<?xml version="1.0" encoding="utf-8"?><testsuites name="pytest tests"><testsuite name="pytest" errors="0" failures="0" skipped="0" tests="8" time="36.520" timestamp="2026-03-06T13:14:46.614742+00:00" hostname="agent-env-c1bdbfe5-3035-4554-9abc-88a3ffeac6e8"><testcase classname="backend.tests.test_claimb_api.TestHealth" name="test_health_returns_200" time="0.544" /><testcase classname="backend.tests.test_claimb_api.TestAnalysis" name="test_analyze_returns_holds_and_grade" time="9.363" /><testcase classname="backend.tests.test_claimb_api.TestAnalysis" name="test_analyze_persists_to_history" time="8.031" /><testcase classname="backend.tests.test_claimb_api.TestHistory" name="test_get_history_returns_200" time="0.050" /><testcase classname="backend.tests.test_claimb_api.TestHistory" name="test_get_history_user_filter" time="0.077" /><testcase classname="backend.tests.test_claimb_api.TestHistory" name="test_delete_history_entry" time="8.569" /><testcase classname="backend.tests.test_claimb_api.TestStats" name="test_stats_returns_fields" time="0.075" /><testcase classname="backend.tests.test_claimb_api.TestStats" name="test_stats_after_analysis" time="9.713" /></testsuite></testsuites>